<?xml version="1.0" encoding="UTF-8"?>
<!-- Generated by org.testng.reporters.JUnitXMLReporter -->
<testsuite ignored="0" hostname="Mihais-MacBook-Pro.local" failures="0" tests="6" name="Command line test" time="25.28" errors="0" timestamp="2021-10-01T20:23:30 EEST">
  <testcase classname="SmokeTest" name="login" time="3.015"/>
  <testcase classname="SmokeTest" name="checkAvailableProductsCounter" time="4.271"/>
  <testcase classname="SmokeTest" name="validateExistenceOfFiltersSection" time="0.031"/>
  <testcase classname="SmokeTest" name="validateProductSortButton" time="2.154"/>
  <testcase classname="SmokeTest" name="validateProductSort" time="8.384"/>
  <testcase classname="SmokeTest" name="accessProductPage" time="2.095"/>
</testsuite> <!-- Command line test -->
