<?xml version="1.0" encoding="UTF-8"?>
<testng-results ignored="0" total="6" passed="6" failed="0" skipped="0">
  <reporter-output>
  </reporter-output>
  <suite started-at="2021-10-01T20:22:59 EEST" name="SmokeTest" finished-at="2021-10-01T20:23:25 EEST" duration-ms="25280">
    <groups>
    </groups>
    <test started-at="2021-10-01T20:22:59 EEST" name="Command line test" finished-at="2021-10-01T20:23:25 EEST" duration-ms="25280">
      <class name="SmokeTest">
        <test-method is-config="true" signature="setUp()[pri:0, instance:SmokeTest@612679d6]" started-at="2021-10-01T20:22:59 EEST" name="setUp" finished-at="2021-10-01T20:23:05 EEST" duration-ms="5159" status="PASS">
          <reporter-output>
          </reporter-output>
        </test-method> <!-- setUp -->
        <test-method signature="login()[pri:1, instance:SmokeTest@612679d6]" started-at="2021-10-01T20:23:05 EEST" name="login" finished-at="2021-10-01T20:23:08 EEST" duration-ms="3015" status="PASS">
          <reporter-output>
          </reporter-output>
        </test-method> <!-- login -->
        <test-method signature="checkAvailableProductsCounter()[pri:2, instance:SmokeTest@612679d6]" started-at="2021-10-01T20:23:08 EEST" name="checkAvailableProductsCounter" finished-at="2021-10-01T20:23:12 EEST" depends-on-methods="SmokeTest.login" duration-ms="4271" status="PASS">
          <reporter-output>
          </reporter-output>
        </test-method> <!-- checkAvailableProductsCounter -->
        <test-method signature="validateExistenceOfFiltersSection()[pri:3, instance:SmokeTest@612679d6]" started-at="2021-10-01T20:23:12 EEST" name="validateExistenceOfFiltersSection" finished-at="2021-10-01T20:23:12 EEST" depends-on-methods="SmokeTest.login" duration-ms="31" status="PASS">
          <reporter-output>
          </reporter-output>
        </test-method> <!-- validateExistenceOfFiltersSection -->
        <test-method signature="validateProductSortButton()[pri:4, instance:SmokeTest@612679d6]" started-at="2021-10-01T20:23:12 EEST" name="validateProductSortButton" finished-at="2021-10-01T20:23:14 EEST" depends-on-methods="SmokeTest.login" duration-ms="2154" status="PASS">
          <reporter-output>
          </reporter-output>
        </test-method> <!-- validateProductSortButton -->
        <test-method signature="validateProductSort()[pri:5, instance:SmokeTest@612679d6]" started-at="2021-10-01T20:23:14 EEST" name="validateProductSort" finished-at="2021-10-01T20:23:23 EEST" depends-on-methods="SmokeTest.login" duration-ms="8384" status="PASS">
          <reporter-output>
          </reporter-output>
        </test-method> <!-- validateProductSort -->
        <test-method signature="accessProductPage()[pri:6, instance:SmokeTest@612679d6]" started-at="2021-10-01T20:23:23 EEST" name="accessProductPage" finished-at="2021-10-01T20:23:25 EEST" depends-on-methods="SmokeTest.login" duration-ms="2095" status="PASS">
          <reporter-output>
          </reporter-output>
        </test-method> <!-- accessProductPage -->
        <test-method is-config="true" signature="cleanup()[pri:0, instance:SmokeTest@612679d6]" started-at="2021-10-01T20:23:25 EEST" name="cleanup" finished-at="2021-10-01T20:23:25 EEST" duration-ms="147" status="PASS">
          <reporter-output>
          </reporter-output>
        </test-method> <!-- cleanup -->
      </class> <!-- SmokeTest -->
    </test> <!-- Command line test -->
  </suite> <!-- SmokeTest -->
</testng-results>
